UNSAFE
 /Users/rjhala/research/liquid/liquidhaskell/docs/tutorial/src/flycheck_08-case-study-pointers.lhs:209:33: Error: Liquid Type Mismatch
  Inferred type
    VV : {VV : GHC.Types.Int | VV == ?a && VV == (8  :  int)}
 
  not a subtype of Required type
    VV : {VV : GHC.Types.Int | VV <= plen p}
 
  In Context
    zero : {zero : GHC.Word.Word8 | zero == ?c}
    VV   : {VV : GHC.Types.Int | VV == ?a && VV == (8  :  int)}
    fp   : {fp : (GHC.ForeignPtr.ForeignPtr a) | fplen fp == ?b && 0 <= fplen fp}
    p    : {p : (GHC.Ptr.Ptr a) | fplen fp == plen p && ?b <= plen p && ?c <= plen p && zero <= plen p}
    ?b   : {fix##63#b : GHC.Types.Int | ?b == (4  :  int)}
    ?c   : {fix##63#c : GHC.Integer.Type.Integer | ?c == 0}
    ?a   : {fix##63#a : GHC.Types.Int | ?a == (8  :  int)}
 /Users/rjhala/research/liquid/liquidhaskell/docs/tutorial/src/flycheck_08-case-study-pointers.lhs:336:32: Error: Liquid Type Mismatch
  Inferred type
    VV : {VV : GHC.Types.Int | VV == ?b && VV == (5  :  int)}
 
  not a subtype of Required type
    VV : {VV : GHC.Types.Int | VV <= plen p}
 
  In Context
    zero : {zero : GHC.Word.Word8 | zero == ?a}
    VV   : {VV : GHC.Types.Int | VV == ?b && VV == (5  :  int)}
    fp   : {fp : (GHC.ForeignPtr.ForeignPtr a) | fplen fp == ?c && 0 <= fplen fp}
    p    : {p : (GHC.Ptr.Ptr a) | fplen fp == plen p && ?a <= plen p && ?c <= plen p && zero <= plen p}
    ?b   : {fix##63#b : GHC.Types.Int | ?b == (5  :  int)}
    ?c   : {fix##63#c : GHC.Types.Int | ?c == (4  :  int)}
    ?a   : {fix##63#a : GHC.Integer.Type.Integer | ?a == 0}
 /Users/rjhala/research/liquid/liquidhaskell/docs/tutorial/src/flycheck_08-case-study-pointers.lhs:507:27-28: Error: Liquid Type Mismatch
  Inferred type
    VV : {VV : GHC.Types.Int | VV == ?c && VV == (10  :  int)}
 
  not a subtype of Required type
    VV : {VV : GHC.Types.Int | VV >= 0 && VV + ?a <= fplen fp}
 
  In Context
    VV : {VV : GHC.Types.Int | VV == ?c && VV == (10  :  int)}
    fp : {fp : (GHC.ForeignPtr.ForeignPtr GHC.Word.Word8) | fplen fp == ?b && fp /= Memory.nullForeignPtr && 0 <= fplen fp}
    Memory.nullForeignPtr
       : {Memory.nullForeignPtr : (GHC.ForeignPtr.ForeignPtr GHC.Word.Word8) | fplen Memory.nullForeignPtr == 0}
    ?b : {fix##63#b : GHC.Types.Int | ?b == (3  :  int)}
    ?c : {fix##63#c : GHC.Types.Int | ?c == (10  :  int)}
    ?a : {fix##63#a : GHC.Types.Int | ?a == (0  :  int)}
 /Users/rjhala/research/liquid/liquidhaskell/docs/tutorial/src/flycheck_08-case-study-pointers.lhs:515:27: Error: Liquid Type Mismatch
  Inferred type
    VV : {VV : GHC.Types.Int | VV == ?b && VV == (2  :  int)}
 
  not a subtype of Required type
    VV : {VV : GHC.Types.Int | VV >= 0 && VV + ?a <= fplen fp}
 
  In Context
    VV : {VV : GHC.Types.Int | VV == ?b && VV == (2  :  int)}
    fp : {fp : (GHC.ForeignPtr.ForeignPtr GHC.Word.Word8) | fplen fp == ?c && fp /= Memory.nullForeignPtr && 0 <= fplen fp}
    Memory.nullForeignPtr
       : {Memory.nullForeignPtr : (GHC.ForeignPtr.ForeignPtr GHC.Word.Word8) | fplen Memory.nullForeignPtr == 0}
    ?b : {fix##63#b : GHC.Types.Int | ?b == (2  :  int)}
    ?c : {fix##63#c : GHC.Types.Int | ?c == (3  :  int)}
    ?a : {fix##63#a : GHC.Types.Int | ?a == (2  :  int)}
 /Users/rjhala/research/liquid/liquidhaskell/docs/tutorial/src/flycheck_08-case-study-pointers.lhs:542:9: Error: Liquid Type Mismatch
  Inferred type
    VV : {VV : (GHC.Ptr.Ptr GHC.Word.Word8) | VV == p}
 
  not a subtype of Required type
    VV : {VV : (GHC.Ptr.Ptr GHC.Word.Word8) | 0 <= plen VV}
 
  In Context
    VV : {VV : (GHC.Ptr.Ptr GHC.Word.Word8) | VV == p}
    p  : (GHC.Ptr.Ptr GHC.Word.Word8)
 /Users/rjhala/research/liquid/liquidhaskell/docs/tutorial/src/flycheck_08-case-study-pointers.lhs:542:9-21: Error: Liquid Type Mismatch
  Inferred type
    VV : {VV : (GHC.Ptr.Ptr GHC.Word.Word8) | VV == ?a && pbase VV == pbase p && plen VV == plen p - ?b && 0 <= plen VV}
 
  not a subtype of Required type
    VV : {VV : (GHC.Ptr.Ptr GHC.Word.Word8) | 0 < plen VV}
 
  In Context
    VV : {VV : (GHC.Ptr.Ptr GHC.Word.Word8) | VV == ?a && pbase VV == pbase p && plen VV == plen p - ?b && 0 <= plen VV}
    p  : (GHC.Ptr.Ptr GHC.Word.Word8)
    ?b : {fix##63#b : GHC.Types.Int | ?b == (0  :  int)}
    ?a : {fix##63#a : (GHC.Ptr.Ptr GHC.Word.Word8) | pbase ?a == pbase p && plen ?a == plen p - ?b && 0 <= plen ?a}
 /Users/rjhala/research/liquid/liquidhaskell/docs/tutorial/src/flycheck_08-case-study-pointers.lhs:542:21: Error: Liquid Type Mismatch
  Inferred type
    VV : {VV : GHC.Types.Int | VV == ?a && VV == (0  :  int)}
 
  not a subtype of Required type
    VV : {VV : GHC.Types.Int | VV <= plen p}
 
  In Context
    VV : {VV : GHC.Types.Int | VV == ?a && VV == (0  :  int)}
    p  : (GHC.Ptr.Ptr GHC.Word.Word8)
    ?a : {fix##63#a : GHC.Types.Int | ?a == (0  :  int)}
 /Users/rjhala/research/liquid/liquidhaskell/docs/tutorial/src/flycheck_08-case-study-pointers.lhs:543:9-21: Error: Liquid Type Mismatch
  Inferred type
    VV : {VV : (GHC.Ptr.Ptr GHC.Word.Word8) | VV == ?a && pbase VV == pbase p && plen VV == plen p - ?b && 0 <= plen VV}
 
  not a subtype of Required type
    VV : {VV : (GHC.Ptr.Ptr GHC.Word.Word8) | 0 < plen VV}
 
  In Context
    VV : {VV : (GHC.Ptr.Ptr GHC.Word.Word8) | VV == ?a && pbase VV == pbase p && plen VV == plen p - ?b && 0 <= plen VV}
    p  : (GHC.Ptr.Ptr GHC.Word.Word8)
    ?b : {fix##63#b : GHC.Types.Int | ?b == (1  :  int)}
    ?a : {fix##63#a : (GHC.Ptr.Ptr GHC.Word.Word8) | pbase ?a == pbase p && plen ?a == plen p - ?b && 0 <= plen ?a}
 /Users/rjhala/research/liquid/liquidhaskell/docs/tutorial/src/flycheck_08-case-study-pointers.lhs:543:21: Error: Liquid Type Mismatch
  Inferred type
    VV : {VV : GHC.Types.Int | VV == ?a && VV == (1  :  int)}
 
  not a subtype of Required type
    VV : {VV : GHC.Types.Int | VV <= plen p}
 
  In Context
    VV : {VV : GHC.Types.Int | VV == ?a && VV == (1  :  int)}
    p  : (GHC.Ptr.Ptr GHC.Word.Word8)
    ?a : {fix##63#a : GHC.Types.Int | ?a == (1  :  int)}
 /Users/rjhala/research/liquid/liquidhaskell/docs/tutorial/src/flycheck_08-case-study-pointers.lhs:544:9-21: Error: Liquid Type Mismatch
  Inferred type
    VV : {VV : (GHC.Ptr.Ptr GHC.Word.Word8) | VV == ?a && pbase VV == pbase p && plen VV == plen p - ?b && 0 <= plen VV}
 
  not a subtype of Required type
    VV : {VV : (GHC.Ptr.Ptr GHC.Word.Word8) | 0 < plen VV}
 
  In Context
    VV : {VV : (GHC.Ptr.Ptr GHC.Word.Word8) | VV == ?a && pbase VV == pbase p && plen VV == plen p - ?b && 0 <= plen VV}
    p  : (GHC.Ptr.Ptr GHC.Word.Word8)
    ?b : {fix##63#b : GHC.Types.Int | ?b == (2  :  int)}
    ?a : {fix##63#a : (GHC.Ptr.Ptr GHC.Word.Word8) | pbase ?a == pbase p && plen ?a == plen p - ?b && 0 <= plen ?a}
 /Users/rjhala/research/liquid/liquidhaskell/docs/tutorial/src/flycheck_08-case-study-pointers.lhs:544:21: Error: Liquid Type Mismatch
  Inferred type
    VV : {VV : GHC.Types.Int | VV == ?a && VV == (2  :  int)}
 
  not a subtype of Required type
    VV : {VV : GHC.Types.Int | VV <= plen p}
 
  In Context
    VV : {VV : GHC.Types.Int | VV == ?a && VV == (2  :  int)}
    p  : (GHC.Ptr.Ptr GHC.Word.Word8)
    ?a : {fix##63#a : GHC.Types.Int | ?a == (2  :  int)}
 /Users/rjhala/research/liquid/liquidhaskell/docs/tutorial/src/flycheck_08-case-study-pointers.lhs:580:25-51: Error: Liquid Type Mismatch
  Inferred type
    VV : {VV : GHC.Types.Bool | Prop VV <=> ?b == ?a}
 
  not a subtype of Required type
    VV : {VV : GHC.Types.Bool | Prop VV}
 
  In Context
    VV : {VV : GHC.Types.Bool | Prop VV <=> ?b == ?a}
    ?a : {fix##63#a : GHC.Types.Int | ?a == len xs}
    ?c : Memory.ByteString
    xs : {v : [GHC.Types.Char] | len v >= 0}
    ?b : {fix##63#b : GHC.Types.Int | ?b == bLen ?c && ?b >= 0}
 /Users/rjhala/research/liquid/liquidhaskell/docs/tutorial/src/flycheck_08-case-study-pointers.lhs:605:23: Error: Liquid Type Mismatch
  Inferred type
    VV : {VV : (GHC.Ptr.Ptr a) | VV == p}
 
  not a subtype of Required type
    VV : {VV : (GHC.Ptr.Ptr a) | 0 < plen VV}
 
  In Context
    VV : {VV : (GHC.Ptr.Ptr a) | VV == p}
    p  : (GHC.Ptr.Ptr a)
 /Users/rjhala/research/liquid/liquidhaskell/docs/tutorial/src/flycheck_08-case-study-pointers.lhs:605:45: Error: Liquid Type Mismatch
  Inferred type
    VV : {VV : (GHC.Ptr.Ptr a) | VV == p}
 
  not a subtype of Required type
    VV : {VV : (GHC.Ptr.Ptr a) | 0 <= plen VV}
 
  In Context
    VV : {VV : (GHC.Ptr.Ptr a) | VV == p}
    p  : (GHC.Ptr.Ptr a)
 /Users/rjhala/research/liquid/liquidhaskell/docs/tutorial/src/flycheck_08-case-study-pointers.lhs:605:47: Error: Liquid Type Mismatch
  Inferred type
    VV : {VV : GHC.Types.Int | VV == ?a && VV == (1  :  int)}
 
  not a subtype of Required type
    VV : {VV : GHC.Types.Int | VV <= plen p}
 
  In Context
    VV : {VV : GHC.Types.Int | VV == ?a && VV == (1  :  int)}
    p  : (GHC.Ptr.Ptr a)
    ?a : {fix##63#a : GHC.Types.Int | ?a == (1  :  int)}
 /Users/rjhala/research/liquid/liquidhaskell/docs/tutorial/src/flycheck_08-case-study-pointers.lhs:619:34: Error: Liquid Type Mismatch
  Inferred type
    VV : {VV : GHC.Types.Int | VV == n && VV >= 0}
 
  not a subtype of Required type
    VV : {VV : GHC.Types.Int | VV >= 0 && VV + s <= fplen x}
 
  In Context
    VV : {VV : GHC.Types.Int | VV == n && VV >= 0}
    s  : {s : GHC.Types.Int | s >= 0 && s <= fplen x}
    n  : {n : GHC.Types.Int | n >= 0}
    x  : (GHC.ForeignPtr.ForeignPtr GHC.Word.Word8)
 /Users/rjhala/research/liquid/liquidhaskell/docs/tutorial/src/flycheck_08-case-study-pointers.lhs:622:33-37: Error: Liquid Type Mismatch
  Inferred type
    VV : {VV : GHC.Types.Int | VV == ?a && VV == s + n}
 
  not a subtype of Required type
    VV : {VV : GHC.Types.Int | VV >= 0 && VV <= fplen x}
 
  In Context
    VV : {VV : GHC.Types.Int | VV == ?a && VV == s + n}
    s  : {s : GHC.Types.Int | s >= 0 && s <= fplen x}
    n  : {n : GHC.Types.Int | n >= 0}
    x  : (GHC.ForeignPtr.ForeignPtr GHC.Word.Word8)
    ?a : {fix##63#a : GHC.Types.Int | ?a == s + n}
 /Users/rjhala/research/liquid/liquidhaskell/docs/tutorial/src/flycheck_08-case-study-pointers.lhs:622:41-45: Error: Liquid Type Mismatch
  Inferred type
    VV : {VV : GHC.Types.Int | VV == ?b && VV == l - n}
 
  not a subtype of Required type
    VV : {VV : GHC.Types.Int | VV >= 0 && VV + ?a <= fplen x}
 
  In Context
    VV : {VV : GHC.Types.Int | VV == ?b && VV == l - n}
    s  : {s : GHC.Types.Int | s >= 0 && s <= fplen x}
    n  : {n : GHC.Types.Int | n >= 0}
    x  : (GHC.ForeignPtr.ForeignPtr GHC.Word.Word8)
    l  : {l : GHC.Types.Int | l >= 0 && l + s <= fplen x}
    ?b : {fix##63#b : GHC.Types.Int | ?b == l - n}
    ?a : {fix##63#a : GHC.Types.Int | ?a == s + n}
 /Users/rjhala/research/liquid/liquidhaskell/docs/tutorial/src/flycheck_08-case-study-pointers.lhs:648:26-53: Error: Liquid Type Mismatch
  Inferred type
    VV : {VV : GHC.Types.Bool | Prop VV <=> ?a == ?b}
 
  not a subtype of Required type
    VV : {VV : GHC.Types.Bool | Prop VV}
 
  In Context
    b  : Memory.ByteString
    VV : {VV : GHC.Types.Bool | Prop VV <=> ?a == ?b}
    ?b : {fix##63#b : GHC.Types.Int | ?b == len ?c}
    ?a : {fix##63#a : GHC.Types.Int | ?a == bLen b && ?a >= 0}
    ?c : {fix##63#c : [GHC.Types.Char] | len ?c >= 0}
 /Users/rjhala/research/liquid/liquidhaskell/docs/tutorial/src/flycheck_08-case-study-pointers.lhs:693:20-21: Error: Liquid Type Mismatch
  Inferred type
    VV : {VV : GHC.Types.Int | VV == ?b && VV == (30  :  int)}
 
  not a subtype of Required type
    VV : {VV : GHC.Types.Int | VV >= 0 && VV <= len ex}
 
  In Context
    VV : {VV : GHC.Types.Int | VV == ?b && VV == (30  :  int)}
    ex : {ex : [GHC.Types.Char] | null ex <=> false && xListSelector ex == ?m && len ex == 1 + len ?e && xsListSelector ex == ?e && bLens ex == bLen ?m + bLens ?e && len ex >= 0 && bLens ex >= 0}
    ?k : {fix##63#k : [GHC.Types.Char] | null ?k <=> false && xListSelector ?k == ?f && len ?k == 1 + len ?d && xsListSelector ?k == ?d && bLens ?k == bLen ?f + bLens ?d && len ?k >= 0 && bLens ?k >= 0}
    ?j : GHC.Types.Char
    ?e : {fix##63#e : [GHC.Types.Char] | null ?e <=> false && xListSelector ?e == ?j && len ?e == 1 + len ?k && xsListSelector ?e == ?k && bLens ?e == bLen ?j + bLens ?k && len ?e >= 0 && bLens ?e >= 0}
    ?b : {fix##63#b : GHC.Types.Int | ?b == (30  :  int)}
    ?c : GHC.Types.Char
    ?a : GHC.Types.Char
    ?h : {fix##63#h : [GHC.Types.Char] | null ?h <=> true && len ?h == 0 && bLens ?h == 0 && len ?h >= 0 && bLens ?h >= 0}
    ?f : GHC.Types.Char
    ?i : GHC.Types.Char
    ?d : {fix##63#d : [GHC.Types.Char] | null ?d <=> false && xListSelector ?d == ?i && len ?d == 1 + len ?g && xsListSelector ?d == ?g && bLens ?d == bLen ?i + bLens ?g && len ?d >= 0 && bLens ?d >= 0}
    ?g : {fix##63#g : [GHC.Types.Char] | null ?g <=> false && xListSelector ?g == ?c && len ?g == 1 + len ?l && xsListSelector ?g == ?l && bLens ?g == bLen ?c + bLens ?l && len ?g >= 0 && bLens ?g >= 0}
    ?l : {fix##63#l : [GHC.Types.Char] | null ?l <=> false && xListSelector ?l == ?a && len ?l == 1 + len ?h && xsListSelector ?l == ?h && bLens ?l == bLen ?a + bLens ?h && len ?l >= 0 && bLens ?l >= 0}
    ?m : GHC.Types.Char
 /Users/rjhala/research/liquid/liquidhaskell/docs/tutorial/src/flycheck_08-case-study-pointers.lhs:702:25-46: Error: Liquid Type Mismatch
  Inferred type
    VV : {VV : GHC.Types.Bool | Prop VV <=> ?b == n}
 
  not a subtype of Required type
    VV : {VV : GHC.Types.Bool | Prop VV}
 
  In Context
    VV : {VV : GHC.Types.Bool | Prop VV <=> ?b == n}
    n  : {n : GHC.Types.Int | n >= 0}
    ?b : {fix##63#b : GHC.Types.Int | ?b == len ?a}
    ?a : {fix##63#a : [GHC.Types.Char] | len ?a >= 0 && bLens ?a >= 0}