UNSAFE
 /Users/rjhala/research/liquid/liquidhaskell/docs/tutorial/src/flycheck_03-datatypes.lhs:(137,14)-(138,27): Error: Liquid Type Mismatch
  Inferred type
    VV : {VV : GHC.Types.Int | VV == fst VV && VV /= ?a && VV >= 0 && VV >= ?b && VV <= ?c}
 
  not a subtype of Required type
    VV : {VV : GHC.Types.Int | VV < ?a && 0 <= VV}
 
  In Context
    VV : {VV : GHC.Types.Int | VV == fst VV && VV /= ?a && VV >= 0 && VV >= ?b && VV <= ?c}
    ?a : {fix##63#a : GHC.Types.Int | ?a == (5  :  int)}
    ?b : {fix##63#b : GHC.Types.Int | ?b == (0  :  int)}
    ?c : {fix##63#c : GHC.Types.Int | ?c == (6  :  int)}
 /Users/rjhala/research/liquid/liquidhaskell/docs/tutorial/src/flycheck_03-datatypes.lhs:196:21-69: Error: Liquid Type Mismatch
  Inferred type
    VV : (RefinedDatatypes.Sparse [GHC.Types.Char])
 
  not a subtype of Required type
    VV : {VV : (RefinedDatatypes.Sparse [GHC.Types.Char]) | spDim VV == 3}
 
  In Context
    VV : (RefinedDatatypes.Sparse [GHC.Types.Char])
 /Users/rjhala/research/liquid/liquidhaskell/docs/tutorial/src/flycheck_03-datatypes.lhs:209:12-25: Error: Liquid Type Mismatch
  Inferred type
    VV : (RefinedDatatypes.Sparse GHC.Types.Int)
 
  not a subtype of Required type
    VV : {VV : (RefinedDatatypes.Sparse GHC.Types.Int) | spDim VV == 3}
 
  In Context
    VV : (RefinedDatatypes.Sparse GHC.Types.Int)
 /Users/rjhala/research/liquid/liquidhaskell/docs/tutorial/src/flycheck_03-datatypes.lhs:256:16-28: Error: Liquid Type Mismatch
  Inferred type
    VV : {VV : GHC.Integer.Type.Integer | VV /= ?a && VV > 0 && VV >= ?b && VV <= ?c}
 
  not a subtype of Required type
    VV : {VV : GHC.Integer.Type.Integer | ?a <= VV}
 
  In Context
    VV : {VV : GHC.Integer.Type.Integer | VV /= ?a && VV > 0 && VV >= ?b && VV <= ?c}
    ?a : {fix##63#a : GHC.Integer.Type.Integer | ?a == 2}
    ?b : {fix##63#b : GHC.Integer.Type.Integer | ?b == 1}
    ?c : {fix##63#c : GHC.Integer.Type.Integer | ?c == 3}
 /Users/rjhala/research/liquid/liquidhaskell/docs/tutorial/src/flycheck_03-datatypes.lhs:349:28-39: Error: Liquid Type Mismatch
  Inferred type
    VV : a
 
  not a subtype of Required type
    VV : {VV : a | x <= VV}
 
  In Context
    VV : a
    x  : a
 /Users/rjhala/research/liquid/liquidhaskell/docs/tutorial/src/flycheck_03-datatypes.lhs:431:19-34: Error: Liquid Type Mismatch
  Inferred type
    VV : {VV : GHC.Types.Int | VV == ?d && VV > 0 && VV > ?b && VV < ?c && VV < ?a}
 
  not a subtype of Required type
    VV : {VV : GHC.Types.Int | VV > 0 && VV >= ?b && ?a < VV && VV < ?c && VV <= ?a}
 
  In Context
    VV : {VV : GHC.Types.Int | VV == ?d && VV > 0 && VV > ?b && VV < ?c && VV < ?a}
    ?a : {fix##63#a : GHC.Types.Int | ?a == (4  :  int)}
    ?d : {fix##63#d : GHC.Types.Int | ?d == (2  :  int)}
    ?b : {fix##63#b : GHC.Types.Int | ?b == (1  :  int)}
    ?c : {fix##63#c : GHC.Types.Int | ?c == (6  :  int)}
 /Users/rjhala/research/liquid/liquidhaskell/docs/tutorial/src/flycheck_03-datatypes.lhs:504:30-71: Error: Liquid Type Mismatch
  Inferred type
    VV : {VV : [GHC.Types.Char] | VV == ?a && len VV >= 0}
 
  not a subtype of Required type
    VV : {VV : [GHC.Types.Char] | false}
 
  In Context
    VV : {VV : [GHC.Types.Char] | VV == ?a && len VV >= 0}
    ?a : {fix##63#a : [GHC.Types.Char] | len ?a >= 0}