UNSAFE
 /Users/rjhala/research/liquid/liquidhaskell/docs/tutorial/src/flycheck_07-case-study-associative-maps.lhs:306:19-20: Error: Liquid Type Mismatch
   Inferred type
     VV : Expr | val VV <=> false && VV == e1 && free VV == Set_cup free ?a free c1
  
   not a subtype of Required type
     VV : Expr | Set_emp free VV
  
   In Context
     VV : Expr | val VV <=> false && VV == e1 && free VV == Set_cup free ?a free c1
     x  : [Char] | null v <=> false && xListSelector v == ?b && elems v == Set_cup Set_sng ?b elems ?c && listElts v == Set_cup Set_sng ?b listElts ?c && len v == 1 + len ?c && xsListSelector v == ?c && len v >= 0
     c1 : Expr | val c1 <=> true && free c1 == Set_empty 0
     e1 : Expr | val e1 <=> false && free e1 == Set_cup free ?a free c1
     ?a : Expr | val ?a <=> false && free ?a == Set_sng x
     ?c : [Char] | null ?c <=> true && Set_emp listElts ?c && elems ?c == Set_empty 0 && len ?c == 0 && len ?c >= 0
     ?b : Char
 /Users/rjhala/research/liquid/liquidhaskell/docs/tutorial/src/flycheck_07-case-study-associative-maps.lhs:392:1-3: Error: Liquid Type Mismatch
   Inferred type
     VV : (Map a b) | Set_mem fix keys VV
  
   not a subtype of Required type
     VV : (Map a b) | keys VV == Set_cup Set_sng k' keys ?a
  
   In Context
     VV : (Map a b) | Set_mem fix keys VV
     k' : a
     ?a : (Map a b)
 /Users/rjhala/research/liquid/liquidhaskell/docs/tutorial/src/flycheck_07-case-study-associative-maps.lhs:412:25: Error: Liquid Type Mismatch
   Inferred type
     VV : (Map a b) | VV == l
  
   not a subtype of Required type
     VV : (Map a b) | Set_mem k' keys VV
  
   In Context
     VV : (Map a b) | VV == l
     k  : a
     l  : (Map a b)
     k' : a
 /Users/rjhala/research/liquid/liquidhaskell/docs/tutorial/src/flycheck_07-case-study-associative-maps.lhs:413:25: Error: Liquid Type Mismatch
   Inferred type
     VV : (Map a b) | VV == r
  
   not a subtype of Required type
     VV : (Map a b) | Set_mem k' keys VV
  
   In Context
     VV : (Map a b) | VV == r
     k  : a
     r  : (Map a b)
     k' : a
 /Users/rjhala/research/liquid/liquidhaskell/docs/tutorial/src/flycheck_07-case-study-associative-maps.lhs:538:1-3: Error: Liquid Type Mismatch
   Inferred type
     VV : Bool
  
   not a subtype of Required type
     VV : Bool | Prop VV <=> Set_mem k' keys ?a
  
   In Context
     VV : Bool
     k' : a
     ?a : (Map a b)