UNSAFE
 /Users/rjhala/research/liquid/liquidhaskell/docs/tutorial/src/flycheck_04-measure-bool.lhs:78:27-31: Error: Liquid Type Mismatch
  Inferred type
    VV : {VV : GHC.Types.Int | notEmpty xs => VV > 0 && VV == elems && VV >= 0}
 
  not a subtype of Required type
    VV : {VV : GHC.Types.Int | 0 /= VV}
 
  In Context
    VV    : {VV : GHC.Types.Int | notEmpty xs => VV > 0 && VV == elems && VV >= 0}
    elems : {elems : GHC.Types.Int | notEmpty xs => elems > 0 && elems >= 0}
    xs    : {v : [GHC.Types.Int] | len v >= 0}
 /Users/rjhala/research/liquid/liquidhaskell/docs/tutorial/src/flycheck_04-measure-bool.lhs:80:19-20: Error: Liquid Type Mismatch
  Inferred type
    VV : {VV : [GHC.Types.Int] | VV == xs && len VV >= 0}
 
  not a subtype of Required type
    VV : {VV : [GHC.Types.Int] | notEmpty VV}
 
  In Context
    VV : {VV : [GHC.Types.Int] | VV == xs && len VV >= 0}
    xs : {v : [GHC.Types.Int] | len v >= 0}
 /Users/rjhala/research/liquid/liquidhaskell/docs/tutorial/src/flycheck_04-measure-bool.lhs:170:37-41: Error: Liquid Type Mismatch
  Inferred type
    VV : {VV : GHC.Types.Int | notEmpty xs => VV > 0 && VV == elems && VV >= 0}
 
  not a subtype of Required type
    VV : {VV : GHC.Types.Int | 0 /= VV}
 
  In Context
    VV    : {VV : GHC.Types.Int | notEmpty xs => VV > 0 && VV == elems && VV >= 0}
    elems : {elems : GHC.Types.Int | notEmpty xs => elems > 0 && elems >= 0}
    xs    : {v : [GHC.Types.Int] | len v >= 0}
 /Users/rjhala/research/liquid/liquidhaskell/docs/tutorial/src/flycheck_04-measure-bool.lhs:173:22-23: Error: Liquid Type Mismatch
  Inferred type
    VV : {VV : [GHC.Types.Int] | VV == xs && len VV >= 0}
 
  not a subtype of Required type
    VV : {VV : [GHC.Types.Int] | notEmpty VV}
 
  In Context
    VV : {VV : [GHC.Types.Int] | VV == xs && len VV >= 0}
    xs : {v : [GHC.Types.Int] | len v >= 0}
 /Users/rjhala/research/liquid/liquidhaskell/docs/tutorial/src/flycheck_04-measure-bool.lhs:188:27-28: Error: Liquid Type Mismatch
  Inferred type
    VV : {VV : [a] | VV == xs && len VV >= 0}
 
  not a subtype of Required type
    VV : {VV : [a] | notEmpty VV}
 
  In Context
    VV : {VV : [a] | VV == xs && len VV >= 0}
    xs : {v : [a] | len v >= 0}
 /Users/rjhala/research/liquid/liquidhaskell/docs/tutorial/src/flycheck_04-measure-bool.lhs:192:17-28: Error: Liquid Type Mismatch
  Inferred type
    VV : {VV : GHC.Types.Int | VV == ?a + ?b}
 
  not a subtype of Required type
    VV : {VV : GHC.Types.Int | notEmpty ?c => VV > 0}
 
  In Context
    VV : {VV : GHC.Types.Int | VV == ?a + ?b}
    xs : {v : [a] | len v >= 0}
    ?c : {fix##63#c : [a] | len ?c >= 0}
    ?b : {fix##63#b : GHC.Types.Int | notEmpty xs => ?b > 0}
    ?a : {fix##63#a : GHC.Types.Int | ?a == (1  :  int)}
 /Users/rjhala/research/liquid/liquidhaskell/docs/tutorial/src/flycheck_04-measure-bool.lhs:229:29-30: Error: Liquid Type Mismatch
  Inferred type
    VV : {VV : [a] | VV == xs && len VV >= 0}
 
  not a subtype of Required type
    VV : {VV : [a] | notEmpty VV}
 
  In Context
    VV : {VV : [a] | VV == xs && len VV >= 0}
    xs : {v : [a] | len v >= 0}
 /Users/rjhala/research/liquid/liquidhaskell/docs/tutorial/src/flycheck_04-measure-bool.lhs:296:14-15: Error: Liquid Type Mismatch
  Inferred type
    VV : {VV : [GHC.Integer.Type.Integer] | notEmpty VV <=> false && null VV <=> true && VV == ?a && len VV == 0 && len VV >= 0}
 
  not a subtype of Required type
    VV : {VV : [GHC.Integer.Type.Integer] | notEmpty VV}
 
  In Context
    VV : {VV : [GHC.Integer.Type.Integer] | notEmpty VV <=> false && null VV <=> true && VV == ?a && len VV == 0 && len VV >= 0}
    ?a : {fix##63#a : [GHC.Integer.Type.Integer] | notEmpty ?a <=> false && null ?a <=> true && len ?a == 0 && len ?a >= 0}
 /Users/rjhala/research/liquid/liquidhaskell/docs/tutorial/src/flycheck_04-measure-bool.lhs:309:21-25: Error: Liquid Type Mismatch
  Inferred type
    VV : {VV : [{v : GHC.Types.Int | notEmpty wxs => v > 0 && notEmpty weights => v > 0 && v > 0 && 0 < v}] | VV == elems && len VV >= 0}
 
  not a subtype of Required type
    VV : {VV : [{v : GHC.Types.Int | notEmpty wxs => v > 0 && v > 0 && 0 < v}] | notEmpty VV}
 
  In Context
    VV    : {VV : [GHC.Types.Int] | VV == elems && len VV >= 0}
    wxs   : {wxs : [(GHC.Types.Int, GHC.Types.Int)] | notEmpty wxs && len wxs >= 0}
    elems : {elems : [GHC.Types.Int] | len elems >= 0}
    weights
          : {weights : [GHC.Types.Int] | len weights >= 0}
 /Users/rjhala/research/liquid/liquidhaskell/docs/tutorial/src/flycheck_04-measure-bool.lhs:310:21-27: Error: Liquid Type Mismatch
  Inferred type
    VV : {VV : [{v : GHC.Types.Int | notEmpty wxs => v > 0 && v > 0 && 0 < v}] | VV == weights && len VV >= 0}
 
  not a subtype of Required type
    VV : {VV : [{v : GHC.Types.Int | notEmpty wxs => v > 0 && v > 0 && 0 < v}] | notEmpty VV}
 
  In Context
    VV  : {VV : [GHC.Types.Int] | VV == weights && len VV >= 0}
    wxs : {wxs : [(GHC.Types.Int, GHC.Types.Int)] | notEmpty wxs && len wxs >= 0}
    weights
        : {weights : [GHC.Types.Int] | len weights >= 0}
 /Users/rjhala/research/liquid/liquidhaskell/docs/tutorial/src/flycheck_04-measure-bool.lhs:336:20-28: Error: Liquid Type Mismatch
  Inferred type
    VV : {VV : [[a]] | VV == ?a && len VV == len ?a && len VV >= 0}
 
  not a subtype of Required type
    VV : {VV : [[a]] | notEmpty VV}
 
  In Context
    VV : {VV : [[a]] | VV == ?a && len VV == len ?a && len VV >= 0}
    ?a : {fix##63#a : [[a]] | len ?a >= 0}