UNSAFE
 /Users/rjhala/research/liquid/liquidhaskell/docs/tutorial/src/todo/flycheck_08-case-study-pointers.lhs:343:32: Error: Liquid Type Mismatch
   Inferred type
     VV : Int | VV == ?b && VV == (5  :  int)
  
   not a subtype of Required type
     VV : Int | VV <= plen p
  
   In Context
     zero : Word8 | zero == ?a
     VV   : Int | VV == ?b && VV == (5  :  int)
     fp   : (ForeignPtr a) | fplen fp == ?c && 0 <= fplen fp
     p    : (Ptr a) | fplen fp == plen p && ?c <= plen p && ?a <= plen p && zero <= plen p
     ?a   : Integer | ?a == 0
     ?c   : Int | ?c == (4  :  int)
     ?b   : Int | ?b == (5  :  int)
 /Users/rjhala/research/liquid/liquidhaskell/docs/tutorial/src/todo/flycheck_08-case-study-pointers.lhs:439:27-28: Error: Liquid Type Mismatch
   Inferred type
     VV : Int | VV == ?b && VV == (10  :  int)
  
   not a subtype of Required type
     VV : Int | VV >= 0 && VV + ?a <= fplen fp
  
   In Context
     VV : Int | VV == ?b && VV == (10  :  int)
     fp : (ForeignPtr Word8) | fplen fp == ?c && fp /= Memory.nullForeignPtr && 0 <= fplen fp
     Memory.nullForeignPtr
        : (ForeignPtr Word8) | fplen Memory.nullForeignPtr == 0
     ?a : Int | ?a == (0  :  int)
     ?c : Int | ?c == (3  :  int)
     ?b : Int | ?b == (10  :  int)
 /Users/rjhala/research/liquid/liquidhaskell/docs/tutorial/src/todo/flycheck_08-case-study-pointers.lhs:442:27: Error: Liquid Type Mismatch
   Inferred type
     VV : Int | VV == ?c && VV == (2  :  int)
  
   not a subtype of Required type
     VV : Int | VV >= 0 && VV + ?a <= fplen fp
  
   In Context
     VV : Int | VV == ?c && VV == (2  :  int)
     fp : (ForeignPtr Word8) | fplen fp == ?b && fp /= Memory.nullForeignPtr && 0 <= fplen fp
     Memory.nullForeignPtr
        : (ForeignPtr Word8) | fplen Memory.nullForeignPtr == 0
     ?a : Int | ?a == (2  :  int)
     ?c : Int | ?c == (2  :  int)
     ?b : Int | ?b == (3  :  int)
 /Users/rjhala/research/liquid/liquidhaskell/docs/tutorial/src/todo/flycheck_08-case-study-pointers.lhs:655:20-21: Error: Liquid Type Mismatch
   Inferred type
     VV : Int | VV == ?a && VV == (30  :  int)
  
   not a subtype of Required type
     VV : Int | VV >= 0 && VV <= len ex
  
   In Context
     VV : Int | VV == ?a && VV == (30  :  int)
     ex : [Char] | null ex <=> false && xListSelector ex == ?e && len ex == 1 + len ?l && xsListSelector ex == ?l && bLens ex == bLen ?e + bLens ?l && len ex >= 0 && bLens ex >= 0
     ?a : Int | ?a == (30  :  int)
     ?c : [Char] | null ?c <=> false && xListSelector ?c == ?h && len ?c == 1 + len ?j && xsListSelector ?c == ?j && bLens ?c == bLen ?h + bLens ?j && len ?c >= 0 && bLens ?c >= 0
     ?j : [Char] | null ?j <=> true && len ?j == 0 && bLens ?j == 0 && len ?j >= 0 && bLens ?j >= 0
     ?b : Char
     ?d : [Char] | null ?d <=> false && xListSelector ?d == ?i && len ?d == 1 + len ?k && xsListSelector ?d == ?k && bLens ?d == bLen ?i + bLens ?k && len ?d >= 0 && bLens ?d >= 0
     ?k : [Char] | null ?k <=> false && xListSelector ?k == ?b && len ?k == 1 + len ?c && xsListSelector ?k == ?c && bLens ?k == bLen ?b + bLens ?c && len ?k >= 0 && bLens ?k >= 0
     ?h : Char
     ?e : Char
     ?f : Char
     ?i : Char
     ?l : [Char] | null ?l <=> false && xListSelector ?l == ?f && len ?l == 1 + len ?g && xsListSelector ?l == ?g && bLens ?l == bLen ?f + bLens ?g && len ?l >= 0 && bLens ?l >= 0
     ?m : Char
     ?g : [Char] | null ?g <=> false && xListSelector ?g == ?m && len ?g == 1 + len ?d && xsListSelector ?g == ?d && bLens ?g == bLen ?m + bLens ?d && len ?g >= 0 && bLens ?g >= 0